<?xml version="1.0" encoding="UTF-8"?>
<testng-results ignored="0" total="9" passed="9" failed="0" skipped="0">
  <reporter-output>
  </reporter-output>
  <suite started-at="2025-10-16T19:35:55 EDT" name="Surefire suite" finished-at="2025-10-16T19:36:13 EDT" duration-ms="17917">
    <groups>
      <group name="cucumber">
        <method signature="AbstractTestNGCucumberTests.runScenario(io.cucumber.testng.PickleWrapper,io.cucumber.testng.FeatureWrapper)[pri:0, instance:runners.RunnerTest@2133814f]" name="runScenario" class="io.cucumber.testng.AbstractTestNGCucumberTests"/>
      </group> <!-- cucumber -->
    </groups>
    <test started-at="2025-10-16T19:35:55 EDT" name="Surefire test" finished-at="2025-10-16T19:36:13 EDT" duration-ms="17917">
      <class name="runners.RunnerTest">
        <test-method is-config="true" signature="setUpClass(org.testng.ITestContext)[pri:0, instance:runners.RunnerTest@2133814f]" started-at="2025-10-16T19:35:55 EDT" name="setUpClass" finished-at="2025-10-16T19:35:55 EDT" duration-ms="246" status="PASS">
          <params>
            <param index="0">
              <value>
                <![CDATA[org.testng.TestRunner@33563147]]>
              </value>
            </param>
          </params>
          <reporter-output>
          </reporter-output>
        </test-method> <!-- setUpClass -->
        <test-method signature="runScenario(io.cucumber.testng.PickleWrapper,io.cucumber.testng.FeatureWrapper)[pri:0, instance:runners.RunnerTest@2133814f]" started-at="2025-10-16T19:35:55 EDT" name="runScenario" description="Runs Cucumber Scenarios" data-provider="scenarios" finished-at="2025-10-16T19:35:58 EDT" duration-ms="3385" status="PASS">
          <params>
            <param index="0">
              <value>
                <![CDATA["Should see LIST USERS of all existing users"]]>
              </value>
            </param>
            <param index="1">
              <value>
                <![CDATA["API test"]]>
              </value>
            </param>
          </params>
          <reporter-output>
          </reporter-output>
        </test-method> <!-- runScenario -->
        <test-method signature="runScenario(io.cucumber.testng.PickleWrapper,io.cucumber.testng.FeatureWrapper)[pri:0, instance:runners.RunnerTest@2133814f]" started-at="2025-10-16T19:35:58 EDT" name="runScenario" description="Runs Cucumber Scenarios" data-provider="scenarios" finished-at="2025-10-16T19:36:00 EDT" duration-ms="1435" status="PASS">
          <params>
            <param index="0">
              <value>
                <![CDATA["Should see SINGLE USER data"]]>
              </value>
            </param>
            <param index="1">
              <value>
                <![CDATA["API test"]]>
              </value>
            </param>
          </params>
          <reporter-output>
          </reporter-output>
        </test-method> <!-- runScenario -->
        <test-method signature="runScenario(io.cucumber.testng.PickleWrapper,io.cucumber.testng.FeatureWrapper)[pri:0, instance:runners.RunnerTest@2133814f]" started-at="2025-10-16T19:36:00 EDT" name="runScenario" description="Runs Cucumber Scenarios" data-provider="scenarios" finished-at="2025-10-16T19:36:01 EDT" duration-ms="1535" status="PASS">
          <params>
            <param index="0">
              <value>
                <![CDATA["Should see SINGLE USER NOT FOUND error code"]]>
              </value>
            </param>
            <param index="1">
              <value>
                <![CDATA["API test"]]>
              </value>
            </param>
          </params>
          <reporter-output>
          </reporter-output>
        </test-method> <!-- runScenario -->
        <test-method signature="runScenario(io.cucumber.testng.PickleWrapper,io.cucumber.testng.FeatureWrapper)[pri:0, instance:runners.RunnerTest@2133814f]" started-at="2025-10-16T19:36:01 EDT" name="runScenario" description="Runs Cucumber Scenarios" data-provider="scenarios" finished-at="2025-10-16T19:36:03 EDT" duration-ms="1403" status="PASS">
          <params>
            <param index="0">
              <value>
                <![CDATA["CREATE a user"]]>
              </value>
            </param>
            <param index="1">
              <value>
                <![CDATA["API test"]]>
              </value>
            </param>
          </params>
          <reporter-output>
          </reporter-output>
        </test-method> <!-- runScenario -->
        <test-method signature="runScenario(io.cucumber.testng.PickleWrapper,io.cucumber.testng.FeatureWrapper)[pri:0, instance:runners.RunnerTest@2133814f]" started-at="2025-10-16T19:36:03 EDT" name="runScenario" description="Runs Cucumber Scenarios" data-provider="scenarios" finished-at="2025-10-16T19:36:04 EDT" duration-ms="1419" status="PASS">
          <params>
            <param index="0">
              <value>
                <![CDATA["CREATE a user"]]>
              </value>
            </param>
            <param index="1">
              <value>
                <![CDATA["API test"]]>
              </value>
            </param>
          </params>
          <reporter-output>
          </reporter-output>
        </test-method> <!-- runScenario -->
        <test-method signature="runScenario(io.cucumber.testng.PickleWrapper,io.cucumber.testng.FeatureWrapper)[pri:0, instance:runners.RunnerTest@2133814f]" started-at="2025-10-16T19:36:04 EDT" name="runScenario" description="Runs Cucumber Scenarios" data-provider="scenarios" finished-at="2025-10-16T19:36:06 EDT" duration-ms="1478" status="PASS">
          <params>
            <param index="0">
              <value>
                <![CDATA["LOGIN - SUCCESSFUL by a user"]]>
              </value>
            </param>
            <param index="1">
              <value>
                <![CDATA["API test"]]>
              </value>
            </param>
          </params>
          <reporter-output>
          </reporter-output>
        </test-method> <!-- runScenario -->
        <test-method signature="runScenario(io.cucumber.testng.PickleWrapper,io.cucumber.testng.FeatureWrapper)[pri:0, instance:runners.RunnerTest@2133814f]" started-at="2025-10-16T19:36:06 EDT" name="runScenario" description="Runs Cucumber Scenarios" data-provider="scenarios" finished-at="2025-10-16T19:36:07 EDT" duration-ms="1286" status="PASS">
          <params>
            <param index="0">
              <value>
                <![CDATA["LOGIN - UNSUCCESSFUL by a user"]]>
              </value>
            </param>
            <param index="1">
              <value>
                <![CDATA["API test"]]>
              </value>
            </param>
          </params>
          <reporter-output>
          </reporter-output>
        </test-method> <!-- runScenario -->
        <test-method signature="runScenario(io.cucumber.testng.PickleWrapper,io.cucumber.testng.FeatureWrapper)[pri:0, instance:runners.RunnerTest@2133814f]" started-at="2025-10-16T19:36:07 EDT" name="runScenario" description="Runs Cucumber Scenarios" data-provider="scenarios" finished-at="2025-10-16T19:36:10 EDT" duration-ms="3350" status="PASS">
          <params>
            <param index="0">
              <value>
                <![CDATA["Should see the list of users with DELAYED RESPONSE"]]>
              </value>
            </param>
            <param index="1">
              <value>
                <![CDATA["API test"]]>
              </value>
            </param>
          </params>
          <reporter-output>
          </reporter-output>
        </test-method> <!-- runScenario -->
        <test-method signature="runScenario(io.cucumber.testng.PickleWrapper,io.cucumber.testng.FeatureWrapper)[pri:0, instance:runners.RunnerTest@2133814f]" started-at="2025-10-16T19:36:10 EDT" name="runScenario" description="Runs Cucumber Scenarios" data-provider="scenarios" finished-at="2025-10-16T19:36:13 EDT" duration-ms="2333" status="PASS">
          <params>
            <param index="0">
              <value>
                <![CDATA["Check item total cost and tax"]]>
              </value>
            </param>
            <param index="1">
              <value>
                <![CDATA["Checkout items in the basket"]]>
              </value>
            </param>
          </params>
          <reporter-output>
          </reporter-output>
        </test-method> <!-- runScenario -->
        <test-method is-config="true" signature="tearDownClass()[pri:0, instance:runners.RunnerTest@2133814f]" started-at="2025-10-16T19:36:13 EDT" name="tearDownClass" finished-at="2025-10-16T19:36:13 EDT" duration-ms="29" status="PASS">
          <reporter-output>
          </reporter-output>
        </test-method> <!-- tearDownClass -->
      </class> <!-- runners.RunnerTest -->
    </test> <!-- Surefire test -->
  </suite> <!-- Surefire suite -->
</testng-results>
