<?xml version="1.0" encoding="UTF-8"?>
<testsuite xmlns:xsi="http://www.w3.org/2001/XMLSchema-instance" xsi:noNamespaceSchemaLocation="https://maven.apache.org/surefire/maven-surefire-plugin/xsd/surefire-test-report-3.0.xsd" version="3.0" name="runners.RunnerTest" time="10.832" tests="9" errors="0" skipped="0" failures="0">
  <properties>
[...]
</properties>
  <testcase name="runScenario[&quot;Should see LIST USERS of all existing users&quot;, &quot;API test&quot;](1)" classname="runners.RunnerTest" time="1.383">
    <system-out><![CDATA[
&amp#27;[1mScenario:&amp#27;[22m Should see LIST USERS of all existing users                 &amp#27;[90m# file:///Users/lamoricaswain/MissionUnderwriters/MissionQaTest/src/test/resources/features/api/API-Test.feature:4&amp#27;[39m
  &amp#27;[32m✔&amp#27;[39m &amp#27;[32m&amp#27;[1mGiven &amp#27;[22mI get the default list of users for on 1st page&amp#27;[39m             &amp#27;[90m# stepDefinitions.api.ReqresApiStepDefinitions.iGetTheDefaultListofusers()&amp#27;[39m
  &amp#27;[32m✔&amp#27;[39m &amp#27;[32m&amp#27;[1mWhen &amp#27;[22mI get the list of all users within every page&amp#27;[39m                &amp#27;[90m# stepDefinitions.api.ReqresApiStepDefinitions.iGetTheListOfAllUsers()&amp#27;[39m
  &amp#27;[32m✔&amp#27;[39m &amp#27;[32m&amp#27;[1mThen &amp#27;[22mI should see total users count equals the number of user ids&amp#27;[39m &amp#27;[90m# stepDefinitions.api.ReqresApiStepDefinitions.iShouldMatchTotalCount()&amp#27;[39m
]]></system-out>
    <system-err><![CDATA[SLF4J: No SLF4J providers were found.
SLF4J: Defaulting to no-operation (NOP) logger implementation
SLF4J: See https://www.slf4j.org/codes.html#noProviders for further details.
]]></system-err>
  </testcase>
  <testcase name="runScenario[&quot;Should see SINGLE USER data&quot;, &quot;API test&quot;](2)" classname="runners.RunnerTest" time="0.082">
    <system-out><![CDATA[
&amp#27;[1mScenario:&amp#27;[22m Should see SINGLE USER data         &amp#27;[90m# file:///Users/lamoricaswain/MissionUnderwriters/MissionQaTest/src/test/resources/features/api/API-Test.feature:10&amp#27;[39m
  &amp#27;[32m✔&amp#27;[39m &amp#27;[32m&amp#27;[1mGiven &amp#27;[22mI make a search for user &amp#27;[1m3&amp#27;[22m&amp#27;[39m          &amp#27;[90m# stepDefinitions.api.ReqresApiStepDefinitions.iMakeASearchForUser(int)&amp#27;[39m
Verified user: Emma - emma.wong@reqres.in
  &amp#27;[32m✔&amp#27;[39m &amp#27;[32m&amp#27;[1mThen &amp#27;[22mI should see the following user data&amp#27;[39m &amp#27;[90m# stepDefinitions.api.ReqresApiStepDefinitions.IShouldSeeFollowingUserData(io.cucumber.datatable.DataTable)&amp#27;[39m
      | first_name | email               |
      | Emma       | emma.wong@reqres.in |
]]></system-out>
  </testcase>
  <testcase name="runScenario[&quot;Should see SINGLE USER NOT FOUND error code&quot;, &quot;API test&quot;](3)" classname="runners.RunnerTest" time="0.251">
    <system-out><![CDATA[
&amp#27;[1mScenario:&amp#27;[22m Should see SINGLE USER NOT FOUND error code &amp#27;[90m# file:///Users/lamoricaswain/MissionUnderwriters/MissionQaTest/src/test/resources/features/api/API-Test.feature:17&amp#27;[39m
  &amp#27;[32m✔&amp#27;[39m &amp#27;[32m&amp#27;[1mGiven &amp#27;[22mI make a search for user &amp#27;[1m55&amp#27;[22m&amp#27;[39m                 &amp#27;[90m# stepDefinitions.api.ReqresApiStepDefinitions.iMakeASearchForUser(int)&amp#27;[39m
  &amp#27;[32m✔&amp#27;[39m &amp#27;[32m&amp#27;[1mThen &amp#27;[22mI receive error code &amp#27;[1m404&amp#27;[22m in response&amp#27;[39m         &amp#27;[90m# stepDefinitions.api.ReqresApiStepDefinitions.iReceiveErrorCodeInResponse(int)&amp#27;[39m
]]></system-out>
  </testcase>
  <testcase name="runScenario[&quot;CREATE a user&quot;, &quot;API test&quot;](4)" classname="runners.RunnerTest" time="0.285">
    <system-out><![CDATA[
&amp#27;[1mScenario Outline:&amp#27;[22m CREATE a user                                       &amp#27;[90m# file:///Users/lamoricaswain/MissionUnderwriters/MissionQaTest/src/test/resources/features/api/API-Test.feature:28&amp#27;[39m
  &amp#27;[32m✔&amp#27;[39m &amp#27;[32m&amp#27;[1mGiven &amp#27;[22mI create a user with following &amp#27;[1m"Peter"&amp#27;[22m &amp#27;[1m"Manager"&amp#27;[22m&amp#27;[39m            &amp#27;[90m# stepDefinitions.api.ReqresApiStepDefinitions.iCreateUserWithFollowing(java.lang.String,java.lang.String)&amp#27;[39m
Created user: Peter - Manager - ID: 898
  &amp#27;[32m✔&amp#27;[39m &amp#27;[32m&amp#27;[1mThen &amp#27;[22mresponse should contain the following data &amp#27;[1m"Peter"&amp#27;[22m &amp#27;[1m"Manager"&amp#27;[22m&amp#27;[39m &amp#27;[90m# stepDefinitions.api.ReqresApiStepDefinitions.iReceiveErrorCodeInResponse(java.lang.String,java.lang.String)&amp#27;[39m
]]></system-out>
  </testcase>
  <testcase name="runScenario[&quot;CREATE a user&quot;, &quot;API test&quot;](5)" classname="runners.RunnerTest" time="0.196">
    <system-out><![CDATA[
&amp#27;[1mScenario Outline:&amp#27;[22m CREATE a user                                    &amp#27;[90m# file:///Users/lamoricaswain/MissionUnderwriters/MissionQaTest/src/test/resources/features/api/API-Test.feature:29&amp#27;[39m
  &amp#27;[32m✔&amp#27;[39m &amp#27;[32m&amp#27;[1mGiven &amp#27;[22mI create a user with following &amp#27;[1m"Liza"&amp#27;[22m &amp#27;[1m"Sales"&amp#27;[22m&amp#27;[39m            &amp#27;[90m# stepDefinitions.api.ReqresApiStepDefinitions.iCreateUserWithFollowing(java.lang.String,java.lang.String)&amp#27;[39m
Created user: Liza - Sales - ID: 424
  &amp#27;[32m✔&amp#27;[39m &amp#27;[32m&amp#27;[1mThen &amp#27;[22mresponse should contain the following data &amp#27;[1m"Liza"&amp#27;[22m &amp#27;[1m"Sales"&amp#27;[22m&amp#27;[39m &amp#27;[90m# stepDefinitions.api.ReqresApiStepDefinitions.iReceiveErrorCodeInResponse(java.lang.String,java.lang.String)&amp#27;[39m
]]></system-out>
  </testcase>
  <testcase name="runScenario[&quot;LOGIN - SUCCESSFUL by a user&quot;, &quot;API test&quot;](6)" classname="runners.RunnerTest" time="0.539">
    <system-out><![CDATA[
&amp#27;[1mScenario:&amp#27;[22m LOGIN - SUCCESSFUL by a user                 &amp#27;[90m# file:///Users/lamoricaswain/MissionUnderwriters/MissionQaTest/src/test/resources/features/api/API-Test.feature:32&amp#27;[39m
Login attempt (successfully) response: {"token":"QpwL5tke4Pnpja7X4"}
  &amp#27;[32m✔&amp#27;[39m &amp#27;[32m&amp#27;[1mGiven &amp#27;[22mI login &amp#27;[1msuccessfully&amp#27;[22m with the following data&amp#27;[39m &amp#27;[90m# stepDefinitions.api.ReqresApiStepDefinitions.iLoginWithTheFollowingData(java.lang.String,io.cucumber.datatable.DataTable)&amp#27;[39m
      | Email              | Password   |
      | eve.holt@reqres.in | cityslicka |
  &amp#27;[32m✔&amp#27;[39m &amp#27;[32m&amp#27;[1mThen &amp#27;[22mI should get a response code of &amp#27;[1m200&amp#27;[22m&amp#27;[39m           &amp#27;[90m# stepDefinitions.api.ReqresApiStepDefinitions.iShouldGetAResponseCodeOf(int)&amp#27;[39m
]]></system-out>
  </testcase>
  <testcase name="runScenario[&quot;LOGIN - UNSUCCESSFUL by a user&quot;, &quot;API test&quot;](7)" classname="runners.RunnerTest" time="0.265">
    <system-out><![CDATA[
&amp#27;[1mScenario:&amp#27;[22m LOGIN - UNSUCCESSFUL by a user                 &amp#27;[90m# file:///Users/lamoricaswain/MissionUnderwriters/MissionQaTest/src/test/resources/features/api/API-Test.feature:38&amp#27;[39m
Login attempt (unsuccessfully) response: {"error":"Missing password"}
  &amp#27;[32m✔&amp#27;[39m &amp#27;[32m&amp#27;[1mGiven &amp#27;[22mI login &amp#27;[1munsuccessfully&amp#27;[22m with the following data&amp#27;[39m &amp#27;[90m# stepDefinitions.api.ReqresApiStepDefinitions.iLoginWithTheFollowingData(java.lang.String,io.cucumber.datatable.DataTable)&amp#27;[39m
      | Email              | Password |
      | eve.holt@reqres.in |          |
  &amp#27;[32m✔&amp#27;[39m &amp#27;[32m&amp#27;[1mThen &amp#27;[22mI should get a response code of &amp#27;[1m400&amp#27;[22m&amp#27;[39m             &amp#27;[90m# stepDefinitions.api.ReqresApiStepDefinitions.iShouldGetAResponseCodeOf(int)&amp#27;[39m
  &amp#27;[32m✔&amp#27;[39m &amp#27;[32m&amp#27;[1mAnd &amp#27;[22mI should see the following response message:&amp#27;[39m     &amp#27;[90m# stepDefinitions.api.ReqresApiStepDefinitions.iShouldSeeTheFollowingResponseMessage(io.cucumber.datatable.DataTable)&amp#27;[39m
      | error            |
      | Missing password |
]]></system-out>
  </testcase>
  <testcase name="runScenario[&quot;Should see the list of users with DELAYED RESPONSE&quot;, &quot;API test&quot;](8)" classname="runners.RunnerTest" time="2.254">
    <system-out><![CDATA[
&amp#27;[1mScenario:&amp#27;[22m Should see the list of users with DELAYED RESPONSE &amp#27;[90m# file:///Users/lamoricaswain/MissionUnderwriters/MissionQaTest/src/test/resources/features/api/API-Test.feature:47&amp#27;[39m
  &amp#27;[32m✔&amp#27;[39m &amp#27;[32m&amp#27;[1mGiven &amp#27;[22mI wait for the user list to load&amp#27;[39m                   &amp#27;[90m# stepDefinitions.api.ReqresApiStepDefinitions.iWaitForUserListToLoad()&amp#27;[39m
All user IDs are unique: [1, 2, 3, 4, 5, 6, 7, 8, 9, 10, 11, 12]
  &amp#27;[32m✔&amp#27;[39m &amp#27;[32m&amp#27;[1mThen &amp#27;[22mI should see that every user has a unique id&amp#27;[39m        &amp#27;[90m# stepDefinitions.api.ReqresApiStepDefinitions.iShouldSeeThatEveryUserHasAUniqueID()&amp#27;[39m
]]></system-out>
  </testcase>
  <testcase name="runScenario[&quot;Check item total cost and tax&quot;, &quot;Checkout items in the basket&quot;](9)" classname="runners.RunnerTest" time="5.023">
    <system-out><![CDATA[
@UI
&amp#27;[1mScenario:&amp#27;[22m Check item total cost and tax                                  &amp#27;[90m# file:///Users/lamoricaswain/MissionUnderwriters/MissionQaTest/src/test/resources/features/ui/UI-Test.feature:4&amp#27;[39m
  &amp#27;[32m✔&amp#27;[39m &amp#27;[32m&amp#27;[1mGiven &amp#27;[22mI am on the home page&amp#27;[39m                                          &amp#27;[90m# stepDefinitions.ui.LoginStepDefinitions.iAmOnTheHomePage()&amp#27;[39m
  &amp#27;[32m✔&amp#27;[39m &amp#27;[32m&amp#27;[1mAnd &amp#27;[22mI log in with the following details&amp#27;[39m                              &amp#27;[90m# stepDefinitions.ui.LoginStepDefinitions.iLoginWithUsernameAndPassword(io.cucumber.datatable.DataTable)&amp#27;[39m
      | userName      | password     |
      | standard_user | secret_sauce |
  &amp#27;[32m✔&amp#27;[39m &amp#27;[32m&amp#27;[1mAnd &amp#27;[22mI add the following items to the basket&amp#27;[39m                          &amp#27;[90m# stepDefinitions.ui.InventoryStepDefinitions.i_add_the_following_items_to_the_basket(io.cucumber.datatable.DataTable)&amp#27;[39m
      | Sauce Labs Backpack      |
      | Sauce Labs Fleece Jacket |
      | Sauce Labs Bolt T-Shirt  |
      | Sauce Labs Onesie        |
  &amp#27;[32m✔&amp#27;[39m &amp#27;[32m&amp#27;[1mAnd &amp#27;[22mI  should see &amp#27;[1m4&amp#27;[22m items added to the shopping cart&amp#27;[39m                 &amp#27;[90m# stepDefinitions.ui.ShoppingCartStepDefinitions.i_should_see_items_added_to_the_shopping_cart(int)&amp#27;[39m
  &amp#27;[32m✔&amp#27;[39m &amp#27;[32m&amp#27;[1mAnd &amp#27;[22mI click on the shopping cart&amp#27;[39m                                     &amp#27;[90m# stepDefinitions.ui.ShoppingCartStepDefinitions.i_click_on_the_shopping_cart()&amp#27;[39m
Quantities in cart:
1
1
1
1
  &amp#27;[32m✔&amp#27;[39m &amp#27;[32m&amp#27;[1mAnd &amp#27;[22mI verify that the QTY count for each item should be &amp#27;[1m1&amp#27;[22m&amp#27;[39m            &amp#27;[90m# stepDefinitions.ui.ShoppingCartStepDefinitions.i_verify_that_the_QTY_count_for_each_item_should_be(int)&amp#27;[39m
  &amp#27;[32m✔&amp#27;[39m &amp#27;[32m&amp#27;[1mAnd &amp#27;[22mI remove the following item:&amp#27;[39m                                     &amp#27;[90m# stepDefinitions.ui.ShoppingCartStepDefinitions.i_remove_the_following_item(io.cucumber.datatable.DataTable)&amp#27;[39m
      | Sauce Labs Fleece Jacket |
  &amp#27;[32m✔&amp#27;[39m &amp#27;[32m&amp#27;[1mAnd &amp#27;[22mI  should see &amp#27;[1m3&amp#27;[22m items added to the shopping cart&amp#27;[39m                 &amp#27;[90m# stepDefinitions.ui.ShoppingCartStepDefinitions.i_should_see_items_added_to_the_shopping_cart(int)&amp#27;[39m
  &amp#27;[32m✔&amp#27;[39m &amp#27;[32m&amp#27;[1mAnd &amp#27;[22mI click on the CHECKOUT button&amp#27;[39m                                   &amp#27;[90m# stepDefinitions.ui.ShoppingCartStepDefinitions.i_click_on_the_CHECKOUT_button()&amp#27;[39m
  &amp#27;[32m✔&amp#27;[39m &amp#27;[32m&amp#27;[1mAnd &amp#27;[22mI type "&amp#27;[1mFirstName&amp#27;[22m" for "&amp#27;[1mFirst Name&amp#27;[22m"&amp#27;[39m                              &amp#27;[90m# stepDefinitions.ui.CheckoutStepDefinitions.i_type_for_First_Name(java.lang.String,java.lang.String)&amp#27;[39m
  &amp#27;[32m✔&amp#27;[39m &amp#27;[32m&amp#27;[1mAnd &amp#27;[22mI type "&amp#27;[1mLastName&amp#27;[22m" for "&amp#27;[1mLast Name&amp#27;[22m"&amp#27;[39m                                &amp#27;[90m# stepDefinitions.ui.CheckoutStepDefinitions.i_type_for_First_Name(java.lang.String,java.lang.String)&amp#27;[39m
  &amp#27;[32m✔&amp#27;[39m &amp#27;[32m&amp#27;[1mAnd &amp#27;[22mI type "&amp#27;[1mEC1A 9JU&amp#27;[22m" for "&amp#27;[1mZIP/Postal Code&amp#27;[22m"&amp#27;[39m                          &amp#27;[90m# stepDefinitions.ui.CheckoutStepDefinitions.i_type_for_First_Name(java.lang.String,java.lang.String)&amp#27;[39m
  &amp#27;[32m✔&amp#27;[39m &amp#27;[32m&amp#27;[1mWhen &amp#27;[22mI click on the CONTINUE button&amp#27;[39m                                  &amp#27;[90m# stepDefinitions.ui.CheckoutStepDefinitions.i_click_on_the_CONTINUE_button()&amp#27;[39m
Calculated Total: 53.97
Cart Subtotal (subtotal): 53.97
  &amp#27;[32m✔&amp#27;[39m &amp#27;[32m&amp#27;[1mThen &amp#27;[22mItem total will be equal to the &amp#27;[1m"subtotal"&amp#27;[22m of items on the list&amp#27;[39m &amp#27;[90m# stepDefinitions.ui.CheckoutStepDefinitions.item_total_will_be_equal_to_the_of_items_on_the_list(java.lang.String)&amp#27;[39m
Expected Tax: 4.32
Displayed Tax: 4.32
  &amp#27;[32m✔&amp#27;[39m &amp#27;[32m&amp#27;[1mAnd &amp#27;[22ma &amp#27;[1m"Tax"&amp#27;[22m rate of &amp#27;[1m8&amp#27;[22m % is applied to the total&amp#27;[39m                      &amp#27;[90m# stepDefinitions.ui.CheckoutStepDefinitions.a_rate_of_is_applied_to_the_total(java.lang.String,java.lang.Integer)&amp#27;[39m
]]></system-out>
    <system-err><![CDATA[Oct 07, 2025 11:31:05 PM org.openqa.selenium.devtools.CdpVersionFinder findNearestMatch
WARNING: Unable to find CDP implementation matching 141
Oct 07, 2025 11:31:05 PM org.openqa.selenium.chromium.ChromiumDriver lambda$new$5
WARNING: Unable to find version of CDP to use for 141.0.7390.55. You may need to include a dependency on a specific version of the CDP using something similar to `org.seleniumhq.selenium:selenium-devtools-v86:4.20.0` where the version ("v86") matches the version of the chromium-based browser you're using and the version number of the artifact is the same as Selenium's.
]]></system-err>
  </testcase>
</testsuite>